<?xml version="1.0" encoding="UTF-8"?>
<!-- Generated by org.testng.reporters.JUnitReportReporter -->
<testsuite skipped="0" hostname="DESKTOP-MK2OGLE" name="tests.FailedLoginTests" tests="1" failures="0" timestamp="2021-01-06T16:42:59 CET" time="9.634" errors="0">
  <testcase name="asUserTryToLogInWithIncorrectLoginAndPassword" time="9.634" classname="tests.FailedLoginTests"/>
</testsuite> <!-- tests.FailedLoginTests -->
