<?xml version="1.0" encoding="UTF-8"?>
<!-- Generated by org.testng.reporters.JUnitReportReporter -->
<testsuite skipped="0" hostname="DESKTOP-MK2OGLE" name="tests.FailedLoginTests" tests="1" failures="0" timestamp="2020-12-27T20:22:22 CET" time="7.516" errors="0">
  <testcase name="asUserTryToLogInWithIncorrectLoginAndPassword" time="7.516" classname="tests.FailedLoginTests"/>
</testsuite> <!-- tests.FailedLoginTests -->
