<?xml version="1.0" encoding="UTF-8"?>
<!-- Generated by org.testng.reporters.JUnitReportReporter -->
<testsuite skipped="0" hostname="DESKTOP-MK2OGLE" name="tests.PositiveLoginTests" tests="1" failures="0" timestamp="2020-12-27T20:22:22 CET" time="6.846" errors="0">
  <testcase name="asUserLoginUsingValidLoginAndPassword" time="6.846" classname="tests.PositiveLoginTests"/>
</testsuite> <!-- tests.PositiveLoginTests -->
